<?xml version="1.0" encoding="UTF-8"?>
<!-- Generated by org.testng.reporters.JUnitReportReporter -->
<testsuite hostname="DESKTOP-5NE9LR9" failures="0" tests="4" name="com.testCases.VerifyLogIn" time="34.322" errors="0" timestamp="02 Jun 2020 02:56:38 GMT" skipped="0">
  <testcase classname="com.testCases.VerifyLogIn" name="testRunner" time="9.656"/>
  <testcase classname="com.testCases.VerifyLogIn" name="testRunner" time="9.625"/>
  <testcase classname="com.testCases.VerifyLogIn" name="testRunner" time="7.524"/>
  <testcase classname="com.testCases.VerifyLogIn" name="testRunner" time="7.517"/>
</testsuite> <!-- com.testCases.VerifyLogIn -->
