<?xml version="1.0" encoding="UTF-8"?>
<!-- Generated by org.testng.reporters.JUnitReportReporter -->
<testsuite hostname="DESKTOP-5NE9LR9" failures="0" tests="4" name="com.testCases.VerifyLogIn" time="92.190" errors="0" timestamp="01 Jun 2020 07:08:28 GMT" skipped="0">
  <testcase classname="com.testCases.VerifyLogIn" name="testRunner" time="19.616"/>
  <testcase classname="com.testCases.VerifyLogIn" name="testRunner" time="24.414"/>
  <testcase classname="com.testCases.VerifyLogIn" name="testRunner" time="21.651"/>
  <testcase classname="com.testCases.VerifyLogIn" name="testRunner" time="26.509"/>
</testsuite> <!-- com.testCases.VerifyLogIn -->
