<?xml version="1.0" encoding="UTF-8"?>
<!-- Generated by org.testng.reporters.JUnitReportReporter -->
<testsuite hostname="DESKTOP-5NE9LR9" failures="0" tests="4" name="com.testCases.VerifyLogIn" time="249.115" errors="0" timestamp="01 Jun 2020 07:00:06 GMT" skipped="0">
  <testcase classname="com.testCases.VerifyLogIn" name="testRunner" time="18.718"/>
  <testcase classname="com.testCases.VerifyLogIn" name="testRunner" time="40.298"/>
  <testcase classname="com.testCases.VerifyLogIn" name="testRunner" time="113.961"/>
  <testcase classname="com.testCases.VerifyLogIn" name="testRunner" time="76.138"/>
</testsuite> <!-- com.testCases.VerifyLogIn -->
