<?xml version="1.0" encoding="UTF-8"?>
<!-- Generated by org.testng.reporters.JUnitReportReporter -->
<testsuite hostname="DESKTOP-5NE9LR9" failures="0" tests="4" name="com.Guru.Test" time="94.106" errors="0" timestamp="01 Jun 2020 06:27:43 GMT" skipped="0">
  <testcase classname="com.Guru.Test" name="testCase05" time="25.243"/>
  <testcase classname="com.Guru.Test" name="testCase05" time="25.134"/>
  <testcase classname="com.Guru.Test" name="testCase05" time="19.584"/>
  <testcase classname="com.Guru.Test" name="testCase05" time="24.145"/>
</testsuite> <!-- com.Guru.Test -->
