<?xml version="1.0" encoding="UTF-8"?>
<!-- Generated by org.testng.reporters.JUnitReportReporter -->
<testsuite hostname="DESKTOP-5NE9LR9" failures="0" tests="4" name="com.testCases.VerifyLogIn" time="29.275" errors="0" timestamp="08 Jun 2020 02:11:46 GMT" skipped="0">
  <testcase classname="com.testCases.VerifyLogIn" name="testRunner" time="7.370"/>
  <testcase classname="com.testCases.VerifyLogIn" name="testRunner" time="8.186"/>
  <testcase classname="com.testCases.VerifyLogIn" name="testRunner" time="6.929"/>
  <testcase classname="com.testCases.VerifyLogIn" name="testRunner" time="6.790"/>
</testsuite> <!-- com.testCases.VerifyLogIn -->
